[0m[[0m[0mdebug[0m] [0m[0m> Exec(run 1, Some(0bc36be4-32aa-4dc1-b09e-c90e82a3f818), Some(CommandSource(console0)))[0m
[0m[[0m[0mdebug[0m] [0m[0mEvaluating tasks: Compile / run[0m
[0m[[0m[0mdebug[0m] [0m[0mRunning task... Cancel: Signal, check cycles: false, forcegc: true[0m
[0m[[0m[0minfo[0m] [0m[0mcompiling 2 Scala sources to /Users/gianningamy/Desktop/ppc/tme10_code/target/scala-2.11/classes ...[0m
[0m[[0m[31merror[0m] [0m[0m/Users/gianningamy/Desktop/ppc/tme10_code/src/main/scala/Provider.scala:69:25: not found: value FromProvider[0m
[0m[[0m[31merror[0m] [0m[0m            musicien0 ! FromProvider(measure)[0m
[0m[[0m[31merror[0m] [0m[0m                        ^[0m
[0m[[0m[31merror[0m] [0m[0m/Users/gianningamy/Desktop/ppc/tme10_code/src/main/scala/Provider.scala:70:25: not found: value FromProvider[0m
[0m[[0m[31merror[0m] [0m[0m            musicien1 ! FromProvider(measure)[0m
[0m[[0m[31merror[0m] [0m[0m                        ^[0m
[0m[[0m[31merror[0m] [0m[0m/Users/gianningamy/Desktop/ppc/tme10_code/src/main/scala/Provider.scala:71:25: not found: value FromProvider[0m
[0m[[0m[31merror[0m] [0m[0m            musicien2 ! FromProvider(measure)[0m
[0m[[0m[31merror[0m] [0m[0m                        ^[0m
[0m[[0m[31merror[0m] [0m[0m/Users/gianningamy/Desktop/ppc/tme10_code/src/main/scala/Provider.scala:72:25: not found: value FromProvider[0m
[0m[[0m[31merror[0m] [0m[0m            musicien3 ! FromProvider(measure)[0m
[0m[[0m[31merror[0m] [0m[0m                        ^[0m
[0m[[0m[31merror[0m] [0m[0mfour errors found[0m
[0m[[0m[31merror[0m] [0m[0m(Compile / [31mcompileIncremental[0m) Compilation failed[0m
[0m[[0m[31merror[0m] [0m[0mTotal time: 3 s, completed 13 mars 2023 à 20:06:53[0m
[0m[[0m[0mdebug[0m] [0m[0m> Exec(shell, None, None)[0m
[0m[[0m[0mdebug[0m] [0m[0mForcing garbage collection...[0m
[0m[[0m[0minfo[0m] [0m[0mshutting down sbt server[0m
